Aquest és un missatge d'info.
Aquest és un missatge d'error.
Aquest és un missatge d'info.
Aquest és un missatge d'info.
Aquest és un missatge d'error.
Aquest és un missatge d'error.
Aquest és un missatge d'info.
Aquest és un missatge d'info.
Aquest és un missatge d'info.
Aquest és un missatge d'error.
Aquest és un missatge d'error.
Aquest és un missatge d'error.
Aquest és un missatge d'info.
Aquest és un missatge d'info.
Aquest és un missatge d'info.
2024-11-21 17:28:10 - INFO - Aquest és un missatge d'info.
Aquest és un missatge d'error.
Aquest és un missatge d'error.
Aquest és un missatge d'error.
2024-11-21 17:28:10 - ERROR - Aquest és un missatge d'error.
Missatge mostrat per la terminal.
Missatge mostrat per la terminal.
Missatge mostrat per la terminal.
2024-11-21 17:28:10 - INFO - Missatge mostrat per la terminal.
